[debug] [2023-07-12T19:06:41.847Z] ----------------------------------------------------------------------
[debug] [2023-07-12T19:06:41.850Z] Command:       C:\Program Files\nodejs\node.exe C:\Users\tolga\AppData\Roaming\npm\node_modules\firebase-tools\lib\bin\firebase.js init
[debug] [2023-07-12T19:06:41.850Z] CLI Version:   12.4.3
[debug] [2023-07-12T19:06:41.850Z] Platform:      win32
[debug] [2023-07-12T19:06:41.850Z] Node Version:  v20.4.0
[debug] [2023-07-12T19:06:41.850Z] Time:          Wed Jul 12 2023 22:06:41 GMT+0300 (GMT+03:00)
[debug] [2023-07-12T19:06:41.850Z] ----------------------------------------------------------------------
[debug] 
[debug] [2023-07-12T19:06:41.856Z] > command requires scopes: ["email","openid","https://www.googleapis.com/auth/cloudplatformprojects.readonly","https://www.googleapis.com/auth/firebase","https://www.googleapis.com/auth/cloud-platform"]
[debug] [2023-07-12T19:06:41.856Z] > authorizing via signed-in user (tolgakarabudak2@gmail.com)
[info] 
     ######## #### ########  ######## ########     ###     ######  ########
     ##        ##  ##     ## ##       ##     ##  ##   ##  ##       ##
     ######    ##  ########  ######   ########  #########  ######  ######
     ##        ##  ##    ##  ##       ##     ## ##     ##       ## ##
     ##       #### ##     ## ######## ########  ##     ##  ######  ########

You're about to initialize a Firebase project in this directory:

  C:\Users\tolga\OneDrive\Belgeler\GitHub\Portfolio

[info] 
=== Project Setup
[info] 
[info] First, let's associate this project directory with a Firebase project.
[info] You can create multiple project aliases by running firebase use --add, 
[info] but for now we'll just set up a default project.
[info] 
[debug] [2023-07-12T19:08:06.320Z] >>> [apiv2][query] GET https://firebase.googleapis.com/v1beta1/projects pageSize=100
[debug] [2023-07-12T19:08:06.877Z] <<< [apiv2][status] GET https://firebase.googleapis.com/v1beta1/projects 200
[debug] [2023-07-12T19:08:06.877Z] <<< [apiv2][body] GET https://firebase.googleapis.com/v1beta1/projects [omitted]
[info] i  Using project portfolio-53a5f (Portfolio) 
[info] 
=== Hosting Setup
[info] 
[info] Your public directory is the folder (relative to your project directory) that
[info] will contain Hosting assets to be uploaded with firebase deploy. If you
[info] have a build process for your assets, use your build's output directory.
[info] 
[debug] [2023-07-12T19:14:08.386Z] >>> [apiv2][query] GET https://www.gstatic.com/firebasejs/releases.json [none]
[debug] [2023-07-12T19:14:08.512Z] <<< [apiv2][status] GET https://www.gstatic.com/firebasejs/releases.json 200
[debug] [2023-07-12T19:14:08.512Z] <<< [apiv2][body] GET https://www.gstatic.com/firebasejs/releases.json {"current":{"version":"10.0.0","browserURL":"https://www.gstatic.com/firebasejs/10.0.0/firebase.js","packageURL":"https://www.gstatic.com/firebasejs/10.0.0/firebase.tgz"},"live":{"version":"10.0","browserURL":"https://www.gstatic.com/firebasejs/live/10.0/firebase.js","packageURL":"https://www.gstatic.com/firebasejs/live/10.0/firebase.tgz"},"components":{"analytics":"https://www.gstatic.com/firebasejs/10.0.0/firebase-analytics.js","app":"https://www.gstatic.com/firebasejs/10.0.0/firebase-app.js","app-check":"https://www.gstatic.com/firebasejs/10.0.0/firebase-app-check.js","auth":"https://www.gstatic.com/firebasejs/10.0.0/firebase-auth.js","auth/cordova":"https://www.gstatic.com/firebasejs/10.0.0/firebase-auth/cordova.js","functions":"https://www.gstatic.com/firebasejs/10.0.0/firebase-functions.js","firestore":"https://www.gstatic.com/firebasejs/10.0.0/firebase-firestore.js","firestore/lite":"https://www.gstatic.com/firebasejs/10.0.0/firebase-firestore/lite.js","installations":"https://www.gstatic.com/firebasejs/10.0.0/firebase-installations.js","storage":"https://www.gstatic.com/firebasejs/10.0.0/firebase-storage.js","performance":"https://www.gstatic.com/firebasejs/10.0.0/firebase-performance.js","remote-config":"https://www.gstatic.com/firebasejs/10.0.0/firebase-remote-config.js","messaging":"https://www.gstatic.com/firebasejs/10.0.0/firebase-messaging.js","messaging/sw":"https://www.gstatic.com/firebasejs/10.0.0/firebase-messaging/sw.js","database":"https://www.gstatic.com/firebasejs/10.0.0/firebase-database.js","firestore.memory":"https://www.gstatic.com/firebasejs/10.0.0/firebase-firestore.memory.js"}}
[info] +  Wrote public/index.html 
[info] 
[info] i  Detected a .git folder at C:\Users\tolga\OneDrive\Belgeler\GitHub\Portfolio 
[info] i  Authorizing with GitHub to upload your service account to a GitHub repository's secrets store. 
[info] 
[info] Visit this URL on this device to log in:
[info] https://github.com/login/oauth/authorize?client_id=89cf50f02ac6aaed3484&state=23487380&redirect_uri=http%3A%2F%2Flocalhost%3A9005&scope=read%3Auser%20repo%20public_repo
[info] 
[info] Waiting for authentication...
[debug] [2023-07-12T19:14:09.148Z] >>> [apiv2][query] POST https://github.com/login/oauth/access_token [none]
[debug] [2023-07-12T19:14:09.148Z] >>> [apiv2][body] POST https://github.com/login/oauth/access_token [stream]
[debug] [2023-07-12T19:14:09.519Z] <<< [apiv2][status] POST https://github.com/login/oauth/access_token 200
[debug] [2023-07-12T19:14:09.519Z] <<< [apiv2][body] POST https://github.com/login/oauth/access_token {"access_token":"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","token_type":"bearer","scope":"read:user,repo"}
[debug] [2023-07-12T19:14:09.527Z] >>> [apiv2][query] GET https://api.github.com/user [none]
[debug] [2023-07-12T19:14:09.911Z] <<< [apiv2][status] GET https://api.github.com/user 200
[debug] [2023-07-12T19:14:09.911Z] <<< [apiv2][body] GET https://api.github.com/user {"login":"tolga-karabudak","id":67536491,"node_id":"MDQ6VXNlcjY3NTM2NDkx","avatar_url":"https://avatars.githubusercontent.com/u/67536491?v=4","gravatar_id":"","url":"https://api.github.com/users/tolga-karabudak","html_url":"https://github.com/tolga-karabudak","followers_url":"https://api.github.com/users/tolga-karabudak/followers","following_url":"https://api.github.com/users/tolga-karabudak/following{/other_user}","gists_url":"https://api.github.com/users/tolga-karabudak/gists{/gist_id}","starred_url":"https://api.github.com/users/tolga-karabudak/starred{/owner}{/repo}","subscriptions_url":"https://api.github.com/users/tolga-karabudak/subscriptions","organizations_url":"https://api.github.com/users/tolga-karabudak/orgs","repos_url":"https://api.github.com/users/tolga-karabudak/repos","events_url":"https://api.github.com/users/tolga-karabudak/events{/privacy}","received_events_url":"https://api.github.com/users/tolga-karabudak/received_events","type":"User","site_admin":false,"name":"Tolgahan Karabudak","company":null,"blog":"https://www.linkedin.com/in/tolgahan-karabudak-9279b3206/","location":"Ankara / Turkey","email":null,"hireable":true,"bio":"Ankara Y覺ld覺r覺m Beyaz覺t University (2016-2022)","twitter_username":"tolgakkb","public_repos":11,"public_gists":0,"followers":2,"following":3,"created_at":"2020-06-28T07:30:40Z","updated_at":"2023-07-12T18:43:59Z","private_gists":0,"total_private_repos":3,"owned_private_repos":3,"disk_usage":187672,"collaborators":0,"two_factor_authentication":false,"plan":{"name":"free","space":976562499,"collaborators":0,"private_repos":10000}}
[info] 
[info] +  Success! Logged into GitHub as tolga-karabudak 
[info] 
[debug] [2023-07-12T19:14:50.152Z] >>> [apiv2][query] GET https://api.github.com/repos//actions/secrets/public-key type=owner
[debug] [2023-07-12T19:14:50.466Z] <<< [apiv2][status] GET https://api.github.com/repos//actions/secrets/public-key 404
[debug] [2023-07-12T19:14:50.466Z] <<< [apiv2][body] GET https://api.github.com/repos//actions/secrets/public-key {"message":"Not Found","documentation_url":"https://docs.github.com/rest"}
[info] 
[info] 
[error] !  The provided authorization cannot be used with this repository. If this repository is in an organization, did you remember to grant access? 
[info] 
[info] i  Action required: Visit this URL to ensure access has been granted to the appropriate organization(s) for the Firebase CLI GitHub OAuth App: 
[info] https://github.com/settings/connections/applications/89cf50f02ac6aaed3484
[info] 
[debug] [2023-07-12T19:14:51.928Z] >>> [apiv2][query] GET https://api.github.com/repos//actions/secrets/public-key type=owner
[debug] [2023-07-12T19:14:52.120Z] <<< [apiv2][status] GET https://api.github.com/repos//actions/secrets/public-key 404
[debug] [2023-07-12T19:14:52.120Z] <<< [apiv2][body] GET https://api.github.com/repos//actions/secrets/public-key {"message":"Not Found","documentation_url":"https://docs.github.com/rest"}
[info] 
[info] 
[error] !  The provided authorization cannot be used with this repository. If this repository is in an organization, did you remember to grant access? 
[info] 
[info] i  Action required: Visit this URL to ensure access has been granted to the appropriate organization(s) for the Firebase CLI GitHub OAuth App: 
[info] https://github.com/settings/connections/applications/89cf50f02ac6aaed3484
[info] 
